{"C:\\Users\\asus\\Downloads\\cinema-project-main\\cinema-project-main\\user-service\\src\\services\\roleService.ts": {"path":"C:\\Users\\asus\\Downloads\\cinema-project-main\\cinema-project-main\\user-service\\src\\services\\roleService.ts","statementMap":{"0":{"start":{"line":12,"column":10},"end":{"line":12,"column":37}},"1":{"start":{"line":15,"column":4},"end":{"line":15,"column":25}},"2":{"start":{"line":19,"column":4},"end":{"line":19,"column":56}},"3":{"start":{"line":19,"column":29},"end":{"line":19,"column":56}},"4":{"start":{"line":21,"column":4},"end":{"line":41,"column":5}},"5":{"start":{"line":22,"column":30},"end":{"line":22,"column":83}},"6":{"start":{"line":23,"column":25},"end":{"line":23,"column":72}},"7":{"start":{"line":25,"column":32},"end":{"line":31,"column":8}},"8":{"start":{"line":33,"column":20},"end":{"line":33,"column":72}},"9":{"start":{"line":34,"column":26},"end":{"line":34,"column":34}},"10":{"start":{"line":35,"column":6},"end":{"line":35,"column":108}},"11":{"start":{"line":37,"column":6},"end":{"line":37,"column":33}},"12":{"start":{"line":39,"column":6},"end":{"line":39,"column":69}},"13":{"start":{"line":40,"column":6},"end":{"line":40,"column":18}},"14":{"start":{"line":45,"column":18},"end":{"line":52,"column":6}},"15":{"start":{"line":53,"column":4},"end":{"line":53,"column":38}},"16":{"start":{"line":53,"column":26},"end":{"line":53,"column":36}},"17":{"start":{"line":57,"column":24},"end":{"line":59,"column":6}},"18":{"start":{"line":60,"column":4},"end":{"line":60,"column":44}},"19":{"start":{"line":60,"column":32},"end":{"line":60,"column":42}},"20":{"start":{"line":64,"column":4},"end":{"line":66,"column":5}},"21":{"start":{"line":65,"column":6},"end":{"line":65,"column":53}},"22":{"start":{"line":68,"column":17},"end":{"line":70,"column":6}},"23":{"start":{"line":72,"column":4},"end":{"line":74,"column":5}},"24":{"start":{"line":73,"column":6},"end":{"line":73,"column":40}},"25":{"start":{"line":76,"column":28},"end":{"line":82,"column":6}},"26":{"start":{"line":84,"column":24},"end":{"line":84,"column":97}},"27":{"start":{"line":84,"column":57},"end":{"line":84,"column":80}},"28":{"start":{"line":86,"column":4},"end":{"line":89,"column":6}},"29":{"start":{"line":93,"column":4},"end":{"line":95,"column":5}},"30":{"start":{"line":94,"column":6},"end":{"line":94,"column":53}},"31":{"start":{"line":97,"column":17},"end":{"line":97,"column":74}},"32":{"start":{"line":98,"column":4},"end":{"line":100,"column":5}},"33":{"start":{"line":99,"column":6},"end":{"line":99,"column":40}},"34":{"start":{"line":102,"column":24},"end":{"line":102,"column":65}},"35":{"start":{"line":104,"column":4},"end":{"line":128,"column":5}},"36":{"start":{"line":105,"column":6},"end":{"line":108,"column":9}},"37":{"start":{"line":110,"column":6},"end":{"line":118,"column":7}},"38":{"start":{"line":111,"column":32},"end":{"line":115,"column":11}},"39":{"start":{"line":111,"column":67},"end":{"line":115,"column":10}},"40":{"start":{"line":117,"column":8},"end":{"line":117,"column":86}},"41":{"start":{"line":120,"column":6},"end":{"line":120,"column":33}},"42":{"start":{"line":122,"column":6},"end":{"line":124,"column":9}},"43":{"start":{"line":123,"column":8},"end":{"line":123,"column":78}},"44":{"start":{"line":126,"column":6},"end":{"line":126,"column":35}},"45":{"start":{"line":127,"column":6},"end":{"line":127,"column":18}},"46":{"start":{"line":132,"column":4},"end":{"line":154,"column":7}},"47":{"start":{"line":133,"column":21},"end":{"line":133,"column":45}},"48":{"start":{"line":134,"column":6},"end":{"line":138,"column":7}},"49":{"start":{"line":135,"column":8},"end":{"line":135,"column":102}},"50":{"start":{"line":136,"column":8},"end":{"line":136,"column":18}},"51":{"start":{"line":137,"column":8},"end":{"line":137,"column":15}},"52":{"start":{"line":140,"column":6},"end":{"line":153,"column":9}},"53":{"start":{"line":141,"column":8},"end":{"line":145,"column":9}},"54":{"start":{"line":142,"column":10},"end":{"line":142,"column":95}},"55":{"start":{"line":143,"column":10},"end":{"line":143,"column":20}},"56":{"start":{"line":144,"column":10},"end":{"line":144,"column":17}},"57":{"start":{"line":147,"column":8},"end":{"line":151,"column":9}},"58":{"start":{"line":148,"column":10},"end":{"line":148,"column":71}},"59":{"start":{"line":150,"column":10},"end":{"line":150,"column":79}},"60":{"start":{"line":152,"column":8},"end":{"line":152,"column":18}},"61":{"start":{"line":158,"column":4},"end":{"line":160,"column":5}},"62":{"start":{"line":159,"column":6},"end":{"line":159,"column":53}},"63":{"start":{"line":162,"column":21},"end":{"line":164,"column":6}},"64":{"start":{"line":166,"column":4},"end":{"line":168,"column":5}},"65":{"start":{"line":167,"column":6},"end":{"line":167,"column":66}},"66":{"start":{"line":170,"column":4},"end":{"line":174,"column":7}},"67":{"start":{"line":176,"column":4},"end":{"line":178,"column":7}},"68":{"start":{"line":177,"column":6},"end":{"line":177,"column":76}},"69":{"start":{"line":182,"column":4},"end":{"line":184,"column":5}},"70":{"start":{"line":183,"column":6},"end":{"line":183,"column":53}},"71":{"start":{"line":186,"column":20},"end":{"line":188,"column":6}},"72":{"start":{"line":190,"column":4},"end":{"line":192,"column":5}},"73":{"start":{"line":191,"column":6},"end":{"line":191,"column":60}}},"fnMap":{"0":{"name":"(anonymous_0)","decl":{"start":{"line":14,"column":2},"end":{"line":14,"column":14}},"loc":{"start":{"line":14,"column":28},"end":{"line":16,"column":3}}},"1":{"name":"(anonymous_1)","decl":{"start":{"line":18,"column":10},"end":{"line":18,"column":27}},"loc":{"start":{"line":18,"column":27},"end":{"line":42,"column":3}}},"2":{"name":"(anonymous_2)","decl":{"start":{"line":44,"column":9},"end":{"line":44,"column":14}},"loc":{"start":{"line":44,"column":26},"end":{"line":54,"column":3}}},"3":{"name":"(anonymous_3)","decl":{"start":{"line":53,"column":21},"end":{"line":53,"column":22}},"loc":{"start":{"line":53,"column":26},"end":{"line":53,"column":36}}},"4":{"name":"(anonymous_4)","decl":{"start":{"line":56,"column":9},"end":{"line":56,"column":14}},"loc":{"start":{"line":56,"column":32},"end":{"line":61,"column":3}}},"5":{"name":"(anonymous_5)","decl":{"start":{"line":60,"column":27},"end":{"line":60,"column":28}},"loc":{"start":{"line":60,"column":32},"end":{"line":60,"column":42}}},"6":{"name":"(anonymous_6)","decl":{"start":{"line":63,"column":9},"end":{"line":63,"column":14}},"loc":{"start":{"line":63,"column":52},"end":{"line":90,"column":3}}},"7":{"name":"(anonymous_7)","decl":{"start":{"line":84,"column":44},"end":{"line":84,"column":45}},"loc":{"start":{"line":84,"column":57},"end":{"line":84,"column":80}}},"8":{"name":"(anonymous_8)","decl":{"start":{"line":92,"column":9},"end":{"line":92,"column":14}},"loc":{"start":{"line":92,"column":76},"end":{"line":129,"column":3}}},"9":{"name":"(anonymous_9)","decl":{"start":{"line":111,"column":50},"end":{"line":111,"column":62}},"loc":{"start":{"line":111,"column":67},"end":{"line":115,"column":10}}},"10":{"name":"(anonymous_10)","decl":{"start":{"line":122,"column":64},"end":{"line":122,"column":67}},"loc":{"start":{"line":122,"column":70},"end":{"line":124,"column":7}}},"11":{"name":"(anonymous_11)","decl":{"start":{"line":131,"column":10},"end":{"line":131,"column":15}},"loc":{"start":{"line":131,"column":63},"end":{"line":155,"column":3}}},"12":{"name":"(anonymous_12)","decl":{"start":{"line":132,"column":29},"end":{"line":132,"column":30}},"loc":{"start":{"line":132,"column":41},"end":{"line":154,"column":5}}},"13":{"name":"(anonymous_13)","decl":{"start":{"line":140,"column":56},"end":{"line":140,"column":57}},"loc":{"start":{"line":140,"column":86},"end":{"line":153,"column":7}}},"14":{"name":"(anonymous_14)","decl":{"start":{"line":157,"column":9},"end":{"line":157,"column":14}},"loc":{"start":{"line":157,"column":68},"end":{"line":179,"column":3}}},"15":{"name":"(anonymous_15)","decl":{"start":{"line":176,"column":62},"end":{"line":176,"column":65}},"loc":{"start":{"line":176,"column":68},"end":{"line":178,"column":5}}},"16":{"name":"(anonymous_16)","decl":{"start":{"line":181,"column":9},"end":{"line":181,"column":14}},"loc":{"start":{"line":181,"column":70},"end":{"line":193,"column":3}}}},"branchMap":{"0":{"loc":{"start":{"line":19,"column":4},"end":{"line":19,"column":56}},"type":"if","locations":[{"start":{"line":19,"column":4},"end":{"line":19,"column":56}},{"start":{},"end":{}}]},"1":{"loc":{"start":{"line":22,"column":30},"end":{"line":22,"column":83}},"type":"binary-expr","locations":[{"start":{"line":22,"column":30},"end":{"line":22,"column":59}},{"start":{"line":22,"column":63},"end":{"line":22,"column":83}}]},"2":{"loc":{"start":{"line":64,"column":4},"end":{"line":66,"column":5}},"type":"if","locations":[{"start":{"line":64,"column":4},"end":{"line":66,"column":5}},{"start":{},"end":{}}]},"3":{"loc":{"start":{"line":72,"column":4},"end":{"line":74,"column":5}},"type":"if","locations":[{"start":{"line":72,"column":4},"end":{"line":74,"column":5}},{"start":{},"end":{}}]},"4":{"loc":{"start":{"line":93,"column":4},"end":{"line":95,"column":5}},"type":"if","locations":[{"start":{"line":93,"column":4},"end":{"line":95,"column":5}},{"start":{},"end":{}}]},"5":{"loc":{"start":{"line":98,"column":4},"end":{"line":100,"column":5}},"type":"if","locations":[{"start":{"line":98,"column":4},"end":{"line":100,"column":5}},{"start":{},"end":{}}]},"6":{"loc":{"start":{"line":110,"column":6},"end":{"line":118,"column":7}},"type":"if","locations":[{"start":{"line":110,"column":6},"end":{"line":118,"column":7}},{"start":{},"end":{}}]},"7":{"loc":{"start":{"line":134,"column":6},"end":{"line":138,"column":7}},"type":"if","locations":[{"start":{"line":134,"column":6},"end":{"line":138,"column":7}},{"start":{},"end":{}}]},"8":{"loc":{"start":{"line":141,"column":8},"end":{"line":145,"column":9}},"type":"if","locations":[{"start":{"line":141,"column":8},"end":{"line":145,"column":9}},{"start":{},"end":{}}]},"9":{"loc":{"start":{"line":147,"column":8},"end":{"line":151,"column":9}},"type":"if","locations":[{"start":{"line":147,"column":8},"end":{"line":151,"column":9}},{"start":{"line":149,"column":15},"end":{"line":151,"column":9}}]},"10":{"loc":{"start":{"line":147,"column":12},"end":{"line":147,"column":40}},"type":"binary-expr","locations":[{"start":{"line":147,"column":12},"end":{"line":147,"column":20}},{"start":{"line":147,"column":24},"end":{"line":147,"column":40}}]},"11":{"loc":{"start":{"line":158,"column":4},"end":{"line":160,"column":5}},"type":"if","locations":[{"start":{"line":158,"column":4},"end":{"line":160,"column":5}},{"start":{},"end":{}}]},"12":{"loc":{"start":{"line":158,"column":8},"end":{"line":158,"column":32}},"type":"binary-expr","locations":[{"start":{"line":158,"column":8},"end":{"line":158,"column":15}},{"start":{"line":158,"column":19},"end":{"line":158,"column":32}}]},"13":{"loc":{"start":{"line":166,"column":4},"end":{"line":168,"column":5}},"type":"if","locations":[{"start":{"line":166,"column":4},"end":{"line":168,"column":5}},{"start":{},"end":{}}]},"14":{"loc":{"start":{"line":182,"column":4},"end":{"line":184,"column":5}},"type":"if","locations":[{"start":{"line":182,"column":4},"end":{"line":184,"column":5}},{"start":{},"end":{}}]},"15":{"loc":{"start":{"line":182,"column":8},"end":{"line":182,"column":32}},"type":"binary-expr","locations":[{"start":{"line":182,"column":8},"end":{"line":182,"column":15}},{"start":{"line":182,"column":19},"end":{"line":182,"column":32}}]},"16":{"loc":{"start":{"line":190,"column":4},"end":{"line":192,"column":5}},"type":"if","locations":[{"start":{"line":190,"column":4},"end":{"line":192,"column":5}},{"start":{},"end":{}}]}},"s":{"0":5,"1":5,"2":1,"3":0,"4":1,"5":1,"6":1,"7":1,"8":1,"9":1,"10":1,"11":1,"12":0,"13":0,"14":1,"15":1,"16":2,"17":0,"18":0,"19":0,"20":0,"21":0,"22":0,"23":0,"24":0,"25":0,"26":0,"27":0,"28":0,"29":0,"30":0,"31":0,"32":0,"33":0,"34":0,"35":0,"36":0,"37":0,"38":0,"39":0,"40":0,"41":0,"42":0,"43":0,"44":0,"45":0,"46":1,"47":1,"48":1,"49":0,"50":0,"51":0,"52":1,"53":1,"54":1,"55":1,"56":1,"57":0,"58":0,"59":0,"60":0,"61":2,"62":0,"63":2,"64":2,"65":1,"66":1,"67":1,"68":0,"69":2,"70":0,"71":2,"72":2,"73":1},"f":{"0":5,"1":1,"2":1,"3":2,"4":0,"5":0,"6":0,"7":0,"8":0,"9":0,"10":0,"11":1,"12":1,"13":1,"14":2,"15":0,"16":2},"b":{"0":[0,1],"1":[1,1],"2":[0,0],"3":[0,0],"4":[0,0],"5":[0,0],"6":[0,0],"7":[0,1],"8":[1,0],"9":[0,0],"10":[0,0],"11":[0,2],"12":[2,2],"13":[1,1],"14":[0,2],"15":[2,2],"16":[1,1]}}
,"C:\\Users\\asus\\Downloads\\cinema-project-main\\cinema-project-main\\user-service\\src\\services\\userService.ts": {"path":"C:\\Users\\asus\\Downloads\\cinema-project-main\\cinema-project-main\\user-service\\src\\services\\userService.ts","statementMap":{"0":{"start":{"line":30,"column":4},"end":{"line":30,"column":25}},"1":{"start":{"line":34,"column":4},"end":{"line":36,"column":5}},"2":{"start":{"line":35,"column":6},"end":{"line":35,"column":53}},"3":{"start":{"line":38,"column":17},"end":{"line":40,"column":6}},"4":{"start":{"line":42,"column":4},"end":{"line":44,"column":5}},"5":{"start":{"line":43,"column":6},"end":{"line":43,"column":52}},"6":{"start":{"line":46,"column":38},"end":{"line":46,"column":51}},"7":{"start":{"line":47,"column":4},"end":{"line":47,"column":37}},"8":{"start":{"line":56,"column":4},"end":{"line":58,"column":5}},"9":{"start":{"line":57,"column":6},"end":{"line":57,"column":53}},"10":{"start":{"line":60,"column":4},"end":{"line":64,"column":5}},"11":{"start":{"line":61,"column":6},"end":{"line":63,"column":7}},"12":{"start":{"line":62,"column":8},"end":{"line":62,"column":64}},"13":{"start":{"line":66,"column":17},"end":{"line":68,"column":6}},"14":{"start":{"line":70,"column":4},"end":{"line":72,"column":5}},"15":{"start":{"line":71,"column":6},"end":{"line":71,"column":52}},"16":{"start":{"line":74,"column":30},"end":{"line":74,"column":32}},"17":{"start":{"line":75,"column":4},"end":{"line":75,"column":61}},"18":{"start":{"line":75,"column":25},"end":{"line":75,"column":61}},"19":{"start":{"line":76,"column":4},"end":{"line":76,"column":85}},"20":{"start":{"line":76,"column":33},"end":{"line":76,"column":85}},"21":{"start":{"line":77,"column":4},"end":{"line":77,"column":70}},"22":{"start":{"line":77,"column":28},"end":{"line":77,"column":70}},"23":{"start":{"line":78,"column":4},"end":{"line":78,"column":67}},"24":{"start":{"line":78,"column":27},"end":{"line":78,"column":67}},"25":{"start":{"line":79,"column":4},"end":{"line":79,"column":58}},"26":{"start":{"line":79,"column":24},"end":{"line":79,"column":58}},"27":{"start":{"line":81,"column":4},"end":{"line":81,"column":36}},"28":{"start":{"line":83,"column":38},"end":{"line":83,"column":51}},"29":{"start":{"line":84,"column":4},"end":{"line":84,"column":37}},"30":{"start":{"line":88,"column":50},"end":{"line":88,"column":57}},"31":{"start":{"line":90,"column":29},"end":{"line":90,"column":31}},"32":{"start":{"line":92,"column":4},"end":{"line":97,"column":5}},"33":{"start":{"line":93,"column":6},"end":{"line":96,"column":8}},"34":{"start":{"line":99,"column":33},"end":{"line":99,"column":35}},"35":{"start":{"line":100,"column":4},"end":{"line":102,"column":5}},"36":{"start":{"line":101,"column":6},"end":{"line":101,"column":34}},"37":{"start":{"line":104,"column":19},"end":{"line":104,"column":36}},"38":{"start":{"line":106,"column":23},"end":{"line":116,"column":6}},"39":{"start":{"line":117,"column":23},"end":{"line":117,"column":51}},"40":{"start":{"line":119,"column":18},"end":{"line":133,"column":6}},"41":{"start":{"line":135,"column":4},"end":{"line":143,"column":6}},"42":{"start":{"line":136,"column":27},"end":{"line":136,"column":37}},"43":{"start":{"line":148,"column":50},"end":{"line":148,"column":57}},"44":{"start":{"line":150,"column":29},"end":{"line":150,"column":31}},"45":{"start":{"line":152,"column":4},"end":{"line":157,"column":5}},"46":{"start":{"line":153,"column":6},"end":{"line":156,"column":8}},"47":{"start":{"line":159,"column":33},"end":{"line":161,"column":6}},"48":{"start":{"line":163,"column":4},"end":{"line":165,"column":5}},"49":{"start":{"line":164,"column":6},"end":{"line":164,"column":34}},"50":{"start":{"line":167,"column":19},"end":{"line":167,"column":36}},"51":{"start":{"line":169,"column":23},"end":{"line":179,"column":6}},"52":{"start":{"line":180,"column":23},"end":{"line":180,"column":51}},"53":{"start":{"line":182,"column":18},"end":{"line":196,"column":6}},"54":{"start":{"line":198,"column":4},"end":{"line":206,"column":6}},"55":{"start":{"line":199,"column":27},"end":{"line":199,"column":37}},"56":{"start":{"line":211,"column":4},"end":{"line":213,"column":5}},"57":{"start":{"line":212,"column":6},"end":{"line":212,"column":53}},"58":{"start":{"line":215,"column":4},"end":{"line":217,"column":5}},"59":{"start":{"line":216,"column":6},"end":{"line":216,"column":60}},"60":{"start":{"line":219,"column":17},"end":{"line":221,"column":6}},"61":{"start":{"line":223,"column":4},"end":{"line":225,"column":5}},"62":{"start":{"line":224,"column":6},"end":{"line":224,"column":52}},"63":{"start":{"line":227,"column":21},"end":{"line":227,"column":34}},"64":{"start":{"line":228,"column":4},"end":{"line":230,"column":5}},"65":{"start":{"line":229,"column":6},"end":{"line":229,"column":54}},"66":{"start":{"line":232,"column":4},"end":{"line":232,"column":25}}},"fnMap":{"0":{"name":"(anonymous_0)","decl":{"start":{"line":29,"column":2},"end":{"line":29,"column":14}},"loc":{"start":{"line":29,"column":28},"end":{"line":31,"column":3}}},"1":{"name":"(anonymous_1)","decl":{"start":{"line":33,"column":9},"end":{"line":33,"column":14}},"loc":{"start":{"line":33,"column":41},"end":{"line":48,"column":3}}},"2":{"name":"(anonymous_2)","decl":{"start":{"line":50,"column":9},"end":{"line":50,"column":14}},"loc":{"start":{"line":54,"column":31},"end":{"line":85,"column":3}}},"3":{"name":"(anonymous_3)","decl":{"start":{"line":87,"column":9},"end":{"line":87,"column":14}},"loc":{"start":{"line":87,"column":55},"end":{"line":144,"column":3}}},"4":{"name":"(anonymous_4)","decl":{"start":{"line":136,"column":22},"end":{"line":136,"column":23}},"loc":{"start":{"line":136,"column":27},"end":{"line":136,"column":37}}},"5":{"name":"(anonymous_5)","decl":{"start":{"line":147,"column":9},"end":{"line":147,"column":14}},"loc":{"start":{"line":147,"column":56},"end":{"line":207,"column":3}}},"6":{"name":"(anonymous_6)","decl":{"start":{"line":199,"column":22},"end":{"line":199,"column":23}},"loc":{"start":{"line":199,"column":27},"end":{"line":199,"column":37}}},"7":{"name":"(anonymous_7)","decl":{"start":{"line":210,"column":9},"end":{"line":210,"column":14}},"loc":{"start":{"line":210,"column":66},"end":{"line":233,"column":3}}}},"branchMap":{"0":{"loc":{"start":{"line":34,"column":4},"end":{"line":36,"column":5}},"type":"if","locations":[{"start":{"line":34,"column":4},"end":{"line":36,"column":5}},{"start":{},"end":{}}]},"1":{"loc":{"start":{"line":42,"column":4},"end":{"line":44,"column":5}},"type":"if","locations":[{"start":{"line":42,"column":4},"end":{"line":44,"column":5}},{"start":{},"end":{}}]},"2":{"loc":{"start":{"line":56,"column":4},"end":{"line":58,"column":5}},"type":"if","locations":[{"start":{"line":56,"column":4},"end":{"line":58,"column":5}},{"start":{},"end":{}}]},"3":{"loc":{"start":{"line":60,"column":4},"end":{"line":64,"column":5}},"type":"if","locations":[{"start":{"line":60,"column":4},"end":{"line":64,"column":5}},{"start":{},"end":{}}]},"4":{"loc":{"start":{"line":60,"column":8},"end":{"line":60,"column":55}},"type":"binary-expr","locations":[{"start":{"line":60,"column":8},"end":{"line":60,"column":24}},{"start":{"line":60,"column":28},"end":{"line":60,"column":55}}]},"5":{"loc":{"start":{"line":61,"column":6},"end":{"line":63,"column":7}},"type":"if","locations":[{"start":{"line":61,"column":6},"end":{"line":63,"column":7}},{"start":{},"end":{}}]},"6":{"loc":{"start":{"line":61,"column":10},"end":{"line":61,"column":89}},"type":"binary-expr","locations":[{"start":{"line":61,"column":10},"end":{"line":61,"column":29}},{"start":{"line":61,"column":33},"end":{"line":61,"column":89}}]},"7":{"loc":{"start":{"line":70,"column":4},"end":{"line":72,"column":5}},"type":"if","locations":[{"start":{"line":70,"column":4},"end":{"line":72,"column":5}},{"start":{},"end":{}}]},"8":{"loc":{"start":{"line":75,"column":4},"end":{"line":75,"column":61}},"type":"if","locations":[{"start":{"line":75,"column":4},"end":{"line":75,"column":61}},{"start":{},"end":{}}]},"9":{"loc":{"start":{"line":76,"column":4},"end":{"line":76,"column":85}},"type":"if","locations":[{"start":{"line":76,"column":4},"end":{"line":76,"column":85}},{"start":{},"end":{}}]},"10":{"loc":{"start":{"line":77,"column":4},"end":{"line":77,"column":70}},"type":"if","locations":[{"start":{"line":77,"column":4},"end":{"line":77,"column":70}},{"start":{},"end":{}}]},"11":{"loc":{"start":{"line":78,"column":4},"end":{"line":78,"column":67}},"type":"if","locations":[{"start":{"line":78,"column":4},"end":{"line":78,"column":67}},{"start":{},"end":{}}]},"12":{"loc":{"start":{"line":79,"column":4},"end":{"line":79,"column":58}},"type":"if","locations":[{"start":{"line":79,"column":4},"end":{"line":79,"column":58}},{"start":{},"end":{}}]},"13":{"loc":{"start":{"line":88,"column":12},"end":{"line":88,"column":20}},"type":"default-arg","locations":[{"start":{"line":88,"column":19},"end":{"line":88,"column":20}}]},"14":{"loc":{"start":{"line":88,"column":22},"end":{"line":88,"column":31}},"type":"default-arg","locations":[{"start":{"line":88,"column":29},"end":{"line":88,"column":31}}]},"15":{"loc":{"start":{"line":92,"column":4},"end":{"line":97,"column":5}},"type":"if","locations":[{"start":{"line":92,"column":4},"end":{"line":97,"column":5}},{"start":{},"end":{}}]},"16":{"loc":{"start":{"line":100,"column":4},"end":{"line":102,"column":5}},"type":"if","locations":[{"start":{"line":100,"column":4},"end":{"line":102,"column":5}},{"start":{},"end":{}}]},"17":{"loc":{"start":{"line":108,"column":15},"end":{"line":115,"column":12}},"type":"cond-expr","locations":[{"start":{"line":108,"column":22},"end":{"line":115,"column":8}},{"start":{"line":115,"column":10},"end":{"line":115,"column":12}}]},"18":{"loc":{"start":{"line":127,"column":17},"end":{"line":127,"column":51}},"type":"cond-expr","locations":[{"start":{"line":127,"column":24},"end":{"line":127,"column":39}},{"start":{"line":127,"column":42},"end":{"line":127,"column":51}}]},"19":{"loc":{"start":{"line":148,"column":12},"end":{"line":148,"column":20}},"type":"default-arg","locations":[{"start":{"line":148,"column":19},"end":{"line":148,"column":20}}]},"20":{"loc":{"start":{"line":148,"column":22},"end":{"line":148,"column":31}},"type":"default-arg","locations":[{"start":{"line":148,"column":29},"end":{"line":148,"column":31}}]},"21":{"loc":{"start":{"line":152,"column":4},"end":{"line":157,"column":5}},"type":"if","locations":[{"start":{"line":152,"column":4},"end":{"line":157,"column":5}},{"start":{},"end":{}}]},"22":{"loc":{"start":{"line":163,"column":4},"end":{"line":165,"column":5}},"type":"if","locations":[{"start":{"line":163,"column":4},"end":{"line":165,"column":5}},{"start":{},"end":{}}]},"23":{"loc":{"start":{"line":211,"column":4},"end":{"line":213,"column":5}},"type":"if","locations":[{"start":{"line":211,"column":4},"end":{"line":213,"column":5}},{"start":{},"end":{}}]},"24":{"loc":{"start":{"line":215,"column":4},"end":{"line":217,"column":5}},"type":"if","locations":[{"start":{"line":215,"column":4},"end":{"line":217,"column":5}},{"start":{},"end":{}}]},"25":{"loc":{"start":{"line":223,"column":4},"end":{"line":225,"column":5}},"type":"if","locations":[{"start":{"line":223,"column":4},"end":{"line":225,"column":5}},{"start":{},"end":{}}]},"26":{"loc":{"start":{"line":228,"column":4},"end":{"line":230,"column":5}},"type":"if","locations":[{"start":{"line":228,"column":4},"end":{"line":230,"column":5}},{"start":{},"end":{}}]}},"s":{"0":9,"1":2,"2":0,"3":2,"4":2,"5":1,"6":1,"7":1,"8":2,"9":0,"10":2,"11":2,"12":1,"13":1,"14":1,"15":0,"16":1,"17":1,"18":1,"19":1,"20":0,"21":1,"22":0,"23":1,"24":0,"25":1,"26":0,"27":1,"28":1,"29":1,"30":1,"31":1,"32":1,"33":0,"34":1,"35":1,"36":0,"37":1,"38":1,"39":1,"40":1,"41":1,"42":2,"43":1,"44":1,"45":1,"46":0,"47":1,"48":1,"49":0,"50":1,"51":1,"52":1,"53":1,"54":1,"55":1,"56":3,"57":0,"58":3,"59":1,"60":2,"61":2,"62":0,"63":2,"64":2,"65":1,"66":1},"f":{"0":9,"1":2,"2":2,"3":1,"4":2,"5":1,"6":1,"7":3},"b":{"0":[0,2],"1":[1,1],"2":[0,2],"3":[2,0],"4":[2,2],"5":[1,1],"6":[2,2],"7":[0,1],"8":[1,0],"9":[0,1],"10":[0,1],"11":[0,1],"12":[0,1],"13":[0],"14":[0],"15":[0,1],"16":[0,1],"17":[0,1],"18":[0,1],"19":[0],"20":[0],"21":[0,1],"22":[0,1],"23":[0,3],"24":[1,2],"25":[0,2],"26":[1,1]}}
}
