TN:
SF:src\services\roleService.ts
FN:14,(anonymous_0)
FN:18,(anonymous_1)
FN:44,(anonymous_2)
FN:53,(anonymous_3)
FN:56,(anonymous_4)
FN:60,(anonymous_5)
FN:63,(anonymous_6)
FN:84,(anonymous_7)
FN:92,(anonymous_8)
FN:111,(anonymous_9)
FN:122,(anonymous_10)
FN:131,(anonymous_11)
FN:132,(anonymous_12)
FN:140,(anonymous_13)
FN:157,(anonymous_14)
FN:176,(anonymous_15)
FN:181,(anonymous_16)
FNF:17
FNH:9
FNDA:5,(anonymous_0)
FNDA:1,(anonymous_1)
FNDA:1,(anonymous_2)
FNDA:2,(anonymous_3)
FNDA:0,(anonymous_4)
FNDA:0,(anonymous_5)
FNDA:0,(anonymous_6)
FNDA:0,(anonymous_7)
FNDA:0,(anonymous_8)
FNDA:0,(anonymous_9)
FNDA:0,(anonymous_10)
FNDA:1,(anonymous_11)
FNDA:1,(anonymous_12)
FNDA:1,(anonymous_13)
FNDA:2,(anonymous_14)
FNDA:0,(anonymous_15)
FNDA:2,(anonymous_16)
DA:12,5
DA:15,5
DA:19,1
DA:21,1
DA:22,1
DA:23,1
DA:25,1
DA:33,1
DA:34,1
DA:35,1
DA:37,1
DA:39,0
DA:40,0
DA:45,1
DA:53,2
DA:57,0
DA:60,0
DA:64,0
DA:65,0
DA:68,0
DA:72,0
DA:73,0
DA:76,0
DA:84,0
DA:86,0
DA:93,0
DA:94,0
DA:97,0
DA:98,0
DA:99,0
DA:102,0
DA:104,0
DA:105,0
DA:110,0
DA:111,0
DA:117,0
DA:120,0
DA:122,0
DA:123,0
DA:126,0
DA:127,0
DA:132,1
DA:133,1
DA:134,1
DA:135,0
DA:136,0
DA:137,0
DA:140,1
DA:141,1
DA:142,1
DA:143,1
DA:144,1
DA:147,0
DA:148,0
DA:150,0
DA:152,0
DA:158,2
DA:159,0
DA:162,2
DA:166,2
DA:167,1
DA:170,1
DA:176,1
DA:177,0
DA:182,2
DA:183,0
DA:186,2
DA:190,2
DA:191,1
LF:69
LH:31
BRDA:19,0,0,0
BRDA:19,0,1,1
BRDA:22,1,0,1
BRDA:22,1,1,1
BRDA:64,2,0,0
BRDA:64,2,1,0
BRDA:72,3,0,0
BRDA:72,3,1,0
BRDA:93,4,0,0
BRDA:93,4,1,0
BRDA:98,5,0,0
BRDA:98,5,1,0
BRDA:110,6,0,0
BRDA:110,6,1,0
BRDA:134,7,0,0
BRDA:134,7,1,1
BRDA:141,8,0,1
BRDA:141,8,1,0
BRDA:147,9,0,0
BRDA:147,9,1,0
BRDA:147,10,0,0
BRDA:147,10,1,0
BRDA:158,11,0,0
BRDA:158,11,1,2
BRDA:158,12,0,2
BRDA:158,12,1,2
BRDA:166,13,0,1
BRDA:166,13,1,1
BRDA:182,14,0,0
BRDA:182,14,1,2
BRDA:182,15,0,2
BRDA:182,15,1,2
BRDA:190,16,0,1
BRDA:190,16,1,1
BRF:34
BRH:15
end_of_record
TN:
SF:src\services\userService.ts
FN:29,(anonymous_0)
FN:33,(anonymous_1)
FN:50,(anonymous_2)
FN:87,(anonymous_3)
FN:136,(anonymous_4)
FN:147,(anonymous_5)
FN:199,(anonymous_6)
FN:210,(anonymous_7)
FNF:8
FNH:8
FNDA:9,(anonymous_0)
FNDA:2,(anonymous_1)
FNDA:2,(anonymous_2)
FNDA:1,(anonymous_3)
FNDA:2,(anonymous_4)
FNDA:1,(anonymous_5)
FNDA:1,(anonymous_6)
FNDA:3,(anonymous_7)
DA:30,9
DA:34,2
DA:35,0
DA:38,2
DA:42,2
DA:43,1
DA:46,1
DA:47,1
DA:56,2
DA:57,0
DA:60,2
DA:61,2
DA:62,1
DA:66,1
DA:70,1
DA:71,0
DA:74,1
DA:75,1
DA:76,1
DA:77,1
DA:78,1
DA:79,1
DA:81,1
DA:83,1
DA:84,1
DA:88,1
DA:90,1
DA:92,1
DA:93,0
DA:99,1
DA:100,1
DA:101,0
DA:104,1
DA:106,1
DA:117,1
DA:119,1
DA:135,1
DA:136,2
DA:148,1
DA:150,1
DA:152,1
DA:153,0
DA:159,1
DA:163,1
DA:164,0
DA:167,1
DA:169,1
DA:180,1
DA:182,1
DA:198,1
DA:199,1
DA:211,3
DA:212,0
DA:215,3
DA:216,1
DA:219,2
DA:223,2
DA:224,0
DA:227,2
DA:228,2
DA:229,1
DA:232,1
LF:62
LH:53
BRDA:34,0,0,0
BRDA:34,0,1,2
BRDA:42,1,0,1
BRDA:42,1,1,1
BRDA:56,2,0,0
BRDA:56,2,1,2
BRDA:60,3,0,2
BRDA:60,3,1,0
BRDA:60,4,0,2
BRDA:60,4,1,2
BRDA:61,5,0,1
BRDA:61,5,1,1
BRDA:61,6,0,2
BRDA:61,6,1,2
BRDA:70,7,0,0
BRDA:70,7,1,1
BRDA:75,8,0,1
BRDA:75,8,1,0
BRDA:76,9,0,0
BRDA:76,9,1,1
BRDA:77,10,0,0
BRDA:77,10,1,1
BRDA:78,11,0,0
BRDA:78,11,1,1
BRDA:79,12,0,0
BRDA:79,12,1,1
BRDA:88,13,0,0
BRDA:88,14,0,0
BRDA:92,15,0,0
BRDA:92,15,1,1
BRDA:100,16,0,0
BRDA:100,16,1,1
BRDA:108,17,0,0
BRDA:108,17,1,1
BRDA:127,18,0,0
BRDA:127,18,1,1
BRDA:148,19,0,0
BRDA:148,20,0,0
BRDA:152,21,0,0
BRDA:152,21,1,1
BRDA:163,22,0,0
BRDA:163,22,1,1
BRDA:211,23,0,0
BRDA:211,23,1,3
BRDA:215,24,0,1
BRDA:215,24,1,2
BRDA:223,25,0,0
BRDA:223,25,1,2
BRDA:228,26,0,1
BRDA:228,26,1,1
BRF:50
BRH:29
end_of_record
