{"C:\\Users\\asus\\Downloads\\cinema-project-main\\cinema-project-main\\analytics-service\\src\\services\\analytics-service.ts": {"path":"C:\\Users\\asus\\Downloads\\cinema-project-main\\cinema-project-main\\analytics-service\\src\\services\\analytics-service.ts","statementMap":{"0":{"start":{"line":1,"column":0},"end":{"line":1,"column":57}},"1":{"start":{"line":2,"column":0},"end":{"line":2,"column":53}},"2":{"start":{"line":3,"column":0},"end":{"line":3,"column":44}},"3":{"start":{"line":13,"column":25},"end":{"line":13,"column":76}},"4":{"start":{"line":15,"column":23},"end":{"line":15,"column":54}},"5":{"start":{"line":16,"column":8},"end":{"line":18,"column":9}},"6":{"start":{"line":17,"column":12},"end":{"line":17,"column":null}},"7":{"start":{"line":20,"column":21},"end":{"line":23,"column":null}},"8":{"start":{"line":26,"column":8},"end":{"line":26,"column":null}},"9":{"start":{"line":27,"column":8},"end":{"line":27,"column":null}},"10":{"start":{"line":31,"column":25},"end":{"line":31,"column":77}},"11":{"start":{"line":33,"column":23},"end":{"line":33,"column":54}},"12":{"start":{"line":34,"column":8},"end":{"line":36,"column":9}},"13":{"start":{"line":35,"column":12},"end":{"line":35,"column":null}},"14":{"start":{"line":38,"column":24},"end":{"line":42,"column":null}},"15":{"start":{"line":45,"column":28},"end":{"line":45,"column":81}},"16":{"start":{"line":45,"column":62},"end":{"line":45,"column":78}},"17":{"start":{"line":46,"column":26},"end":{"line":46,"column":73}},"18":{"start":{"line":48,"column":28},"end":{"line":48,"column":71}},"19":{"start":{"line":48,"column":58},"end":{"line":48,"column":69}},"20":{"start":{"line":50,"column":32},"end":{"line":50,"column":65}},"21":{"start":{"line":52,"column":8},"end":{"line":76,"column":9}},"22":{"start":{"line":53,"column":29},"end":{"line":53,"column":62}},"23":{"start":{"line":54,"column":12},"end":{"line":56,"column":13}},"24":{"start":{"line":55,"column":16},"end":{"line":55,"column":24}},"25":{"start":{"line":58,"column":28},"end":{"line":58,"column":45}},"26":{"start":{"line":59,"column":29},"end":{"line":59,"column":57}},"27":{"start":{"line":61,"column":12},"end":{"line":65,"column":13}},"28":{"start":{"line":62,"column":16},"end":{"line":62,"column":null}},"29":{"start":{"line":63,"column":16},"end":{"line":63,"column":null}},"30":{"start":{"line":64,"column":16},"end":{"line":64,"column":null}},"31":{"start":{"line":67,"column":12},"end":{"line":75,"column":13}},"32":{"start":{"line":68,"column":16},"end":{"line":74,"column":null}},"33":{"start":{"line":78,"column":23},"end":{"line":80,"column":42}},"34":{"start":{"line":79,"column":28},"end":{"line":79,"column":61}},"35":{"start":{"line":82,"column":8},"end":{"line":82,"column":null}},"36":{"start":{"line":83,"column":8},"end":{"line":83,"column":null}},"37":{"start":{"line":87,"column":25},"end":{"line":87,"column":80}},"38":{"start":{"line":89,"column":23},"end":{"line":89,"column":54}},"39":{"start":{"line":90,"column":8},"end":{"line":92,"column":9}},"40":{"start":{"line":91,"column":12},"end":{"line":91,"column":null}},"41":{"start":{"line":94,"column":24},"end":{"line":98,"column":null}},"42":{"start":{"line":101,"column":28},"end":{"line":101,"column":67}},"43":{"start":{"line":101,"column":50},"end":{"line":101,"column":66}},"44":{"start":{"line":102,"column":26},"end":{"line":102,"column":73}},"45":{"start":{"line":104,"column":28},"end":{"line":104,"column":71}},"46":{"start":{"line":104,"column":58},"end":{"line":104,"column":69}},"47":{"start":{"line":106,"column":27},"end":{"line":106,"column":34}},"48":{"start":{"line":107,"column":8},"end":{"line":112,"column":9}},"49":{"start":{"line":108,"column":12},"end":{"line":111,"column":null}},"50":{"start":{"line":109,"column":33},"end":{"line":109,"column":66}},"51":{"start":{"line":110,"column":16},"end":{"line":110,"column":null}},"52":{"start":{"line":114,"column":23},"end":{"line":145,"column":10}},"53":{"start":{"line":115,"column":29},"end":{"line":115,"column":62}},"54":{"start":{"line":117,"column":12},"end":{"line":129,"column":13}},"55":{"start":{"line":118,"column":16},"end":{"line":128,"column":null}},"56":{"start":{"line":131,"column":31},"end":{"line":131,"column":59}},"57":{"start":{"line":132,"column":34},"end":{"line":132,"column":94}},"58":{"start":{"line":134,"column":12},"end":{"line":144,"column":null}},"59":{"start":{"line":147,"column":8},"end":{"line":147,"column":null}},"60":{"start":{"line":148,"column":8},"end":{"line":148,"column":null}},"61":{"start":{"line":152,"column":25},"end":{"line":152,"column":77}},"62":{"start":{"line":154,"column":23},"end":{"line":154,"column":54}},"63":{"start":{"line":155,"column":8},"end":{"line":157,"column":9}},"64":{"start":{"line":156,"column":12},"end":{"line":156,"column":null}},"65":{"start":{"line":159,"column":24},"end":{"line":163,"column":null}},"66":{"start":{"line":166,"column":28},"end":{"line":166,"column":81}},"67":{"start":{"line":166,"column":62},"end":{"line":166,"column":78}},"68":{"start":{"line":167,"column":26},"end":{"line":167,"column":73}},"69":{"start":{"line":169,"column":32},"end":{"line":169,"column":65}},"70":{"start":{"line":170,"column":30},"end":{"line":170,"column":55}},"71":{"start":{"line":172,"column":8},"end":{"line":176,"column":9}},"72":{"start":{"line":173,"column":12},"end":{"line":175,"column":13}},"73":{"start":{"line":174,"column":16},"end":{"line":174,"column":null}},"74":{"start":{"line":178,"column":8},"end":{"line":204,"column":9}},"75":{"start":{"line":179,"column":29},"end":{"line":179,"column":79}},"76":{"start":{"line":179,"column":52},"end":{"line":179,"column":78}},"77":{"start":{"line":180,"column":12},"end":{"line":182,"column":13}},"78":{"start":{"line":181,"column":16},"end":{"line":181,"column":24}},"79":{"start":{"line":184,"column":26},"end":{"line":184,"column":75}},"80":{"start":{"line":185,"column":29},"end":{"line":185,"column":55}},"81":{"start":{"line":187,"column":12},"end":{"line":193,"column":13}},"82":{"start":{"line":188,"column":16},"end":{"line":188,"column":null}},"83":{"start":{"line":189,"column":16},"end":{"line":189,"column":null}},"84":{"start":{"line":190,"column":16},"end":{"line":190,"column":null}},"85":{"start":{"line":191,"column":31},"end":{"line":191,"column":91}},"86":{"start":{"line":192,"column":16},"end":{"line":192,"column":null}},"87":{"start":{"line":195,"column":12},"end":{"line":203,"column":13}},"88":{"start":{"line":196,"column":16},"end":{"line":202,"column":null}},"89":{"start":{"line":206,"column":23},"end":{"line":207,"column":null}},"90":{"start":{"line":207,"column":22},"end":{"line":207,"column":55}},"91":{"start":{"line":210,"column":8},"end":{"line":210,"column":null}},"92":{"start":{"line":211,"column":8},"end":{"line":211,"column":null}},"93":{"start":{"line":219,"column":22},"end":{"line":221,"column":null}},"94":{"start":{"line":224,"column":8},"end":{"line":228,"column":null}},"95":{"start":{"line":232,"column":0},"end":{"line":232,"column":null}}},"fnMap":{"0":{"name":"(anonymous_1)","decl":{"start":{"line":12,"column":4},"end":{"line":12,"column":9}},"loc":{"start":{"line":12,"column":52},"end":{"line":28,"column":5}}},"1":{"name":"(anonymous_2)","decl":{"start":{"line":30,"column":4},"end":{"line":30,"column":9}},"loc":{"start":{"line":30,"column":53},"end":{"line":84,"column":5}}},"2":{"name":"(anonymous_3)","decl":{"start":{"line":45,"column":52},"end":{"line":45,"column":53}},"loc":{"start":{"line":45,"column":62},"end":{"line":45,"column":78}}},"3":{"name":"(anonymous_4)","decl":{"start":{"line":48,"column":50},"end":{"line":48,"column":51}},"loc":{"start":{"line":48,"column":58},"end":{"line":48,"column":69}}},"4":{"name":"(anonymous_5)","decl":{"start":{"line":79,"column":18},"end":{"line":79,"column":19}},"loc":{"start":{"line":79,"column":28},"end":{"line":79,"column":61}}},"5":{"name":"(anonymous_6)","decl":{"start":{"line":86,"column":4},"end":{"line":86,"column":9}},"loc":{"start":{"line":86,"column":56},"end":{"line":149,"column":5}}},"6":{"name":"(anonymous_7)","decl":{"start":{"line":101,"column":40},"end":{"line":101,"column":41}},"loc":{"start":{"line":101,"column":50},"end":{"line":101,"column":66}}},"7":{"name":"(anonymous_8)","decl":{"start":{"line":104,"column":50},"end":{"line":104,"column":51}},"loc":{"start":{"line":104,"column":58},"end":{"line":104,"column":69}}},"8":{"name":"(anonymous_9)","decl":{"start":{"line":108,"column":42},"end":{"line":108,"column":43}},"loc":{"start":{"line":108,"column":51},"end":{"line":111,"column":13}}},"9":{"name":"(anonymous_10)","decl":{"start":{"line":114,"column":40},"end":{"line":114,"column":41}},"loc":{"start":{"line":114,"column":49},"end":{"line":145,"column":9}}},"10":{"name":"(anonymous_11)","decl":{"start":{"line":151,"column":4},"end":{"line":151,"column":9}},"loc":{"start":{"line":151,"column":53},"end":{"line":212,"column":5}}},"11":{"name":"(anonymous_12)","decl":{"start":{"line":166,"column":52},"end":{"line":166,"column":53}},"loc":{"start":{"line":166,"column":62},"end":{"line":166,"column":78}}},"12":{"name":"(anonymous_13)","decl":{"start":{"line":179,"column":44},"end":{"line":179,"column":45}},"loc":{"start":{"line":179,"column":52},"end":{"line":179,"column":78}}},"13":{"name":"(anonymous_14)","decl":{"start":{"line":207,"column":12},"end":{"line":207,"column":13}},"loc":{"start":{"line":207,"column":22},"end":{"line":207,"column":55}}},"14":{"name":"(anonymous_15)","decl":{"start":{"line":214,"column":4},"end":{"line":214,"column":9}},"loc":{"start":{"line":214,"column":58},"end":{"line":229,"column":5}}}},"branchMap":{"0":{"loc":{"start":{"line":16,"column":8},"end":{"line":18,"column":9}},"type":"if","locations":[{"start":{"line":16,"column":8},"end":{"line":18,"column":9}},{"start":{},"end":{}}]},"1":{"loc":{"start":{"line":21,"column":12},"end":{"line":21,"column":36}},"type":"binary-expr","locations":[{"start":{"line":21,"column":12},"end":{"line":21,"column":30}},{"start":{"line":21,"column":34},"end":{"line":21,"column":36}}]},"2":{"loc":{"start":{"line":22,"column":12},"end":{"line":22,"column":34}},"type":"binary-expr","locations":[{"start":{"line":22,"column":12},"end":{"line":22,"column":28}},{"start":{"line":22,"column":32},"end":{"line":22,"column":34}}]},"3":{"loc":{"start":{"line":23,"column":12},"end":{"line":23,"column":32}},"type":"binary-expr","locations":[{"start":{"line":23,"column":12},"end":{"line":23,"column":25}},{"start":{"line":23,"column":29},"end":{"line":23,"column":32}}]},"4":{"loc":{"start":{"line":34,"column":8},"end":{"line":36,"column":9}},"type":"if","locations":[{"start":{"line":34,"column":8},"end":{"line":36,"column":9}},{"start":{},"end":{}}]},"5":{"loc":{"start":{"line":39,"column":12},"end":{"line":39,"column":36}},"type":"binary-expr","locations":[{"start":{"line":39,"column":12},"end":{"line":39,"column":30}},{"start":{"line":39,"column":34},"end":{"line":39,"column":36}}]},"6":{"loc":{"start":{"line":40,"column":12},"end":{"line":40,"column":34}},"type":"binary-expr","locations":[{"start":{"line":40,"column":12},"end":{"line":40,"column":28}},{"start":{"line":40,"column":32},"end":{"line":40,"column":34}}]},"7":{"loc":{"start":{"line":42,"column":12},"end":{"line":42,"column":33}},"type":"binary-expr","locations":[{"start":{"line":42,"column":12},"end":{"line":42,"column":25}},{"start":{"line":42,"column":29},"end":{"line":42,"column":33}}]},"8":{"loc":{"start":{"line":54,"column":12},"end":{"line":56,"column":13}},"type":"if","locations":[{"start":{"line":54,"column":12},"end":{"line":56,"column":13}},{"start":{},"end":{}}]},"9":{"loc":{"start":{"line":61,"column":12},"end":{"line":65,"column":13}},"type":"if","locations":[{"start":{"line":61,"column":12},"end":{"line":65,"column":13}},{"start":{},"end":{}}]},"10":{"loc":{"start":{"line":67,"column":12},"end":{"line":75,"column":13}},"type":"if","locations":[{"start":{"line":67,"column":12},"end":{"line":75,"column":13}},{"start":{},"end":{}}]},"11":{"loc":{"start":{"line":80,"column":22},"end":{"line":80,"column":41}},"type":"binary-expr","locations":[{"start":{"line":80,"column":22},"end":{"line":80,"column":35}},{"start":{"line":80,"column":39},"end":{"line":80,"column":41}}]},"12":{"loc":{"start":{"line":90,"column":8},"end":{"line":92,"column":9}},"type":"if","locations":[{"start":{"line":90,"column":8},"end":{"line":92,"column":9}},{"start":{},"end":{}}]},"13":{"loc":{"start":{"line":95,"column":12},"end":{"line":95,"column":36}},"type":"binary-expr","locations":[{"start":{"line":95,"column":12},"end":{"line":95,"column":30}},{"start":{"line":95,"column":34},"end":{"line":95,"column":36}}]},"14":{"loc":{"start":{"line":96,"column":12},"end":{"line":96,"column":34}},"type":"binary-expr","locations":[{"start":{"line":96,"column":12},"end":{"line":96,"column":28}},{"start":{"line":96,"column":32},"end":{"line":96,"column":34}}]},"15":{"loc":{"start":{"line":97,"column":12},"end":{"line":97,"column":37}},"type":"binary-expr","locations":[{"start":{"line":97,"column":12},"end":{"line":97,"column":31}},{"start":{"line":97,"column":35},"end":{"line":97,"column":37}}]},"16":{"loc":{"start":{"line":98,"column":12},"end":{"line":98,"column":31}},"type":"binary-expr","locations":[{"start":{"line":98,"column":12},"end":{"line":98,"column":25}},{"start":{"line":98,"column":29},"end":{"line":98,"column":31}}]},"17":{"loc":{"start":{"line":107,"column":8},"end":{"line":112,"column":9}},"type":"if","locations":[{"start":{"line":107,"column":8},"end":{"line":112,"column":9}},{"start":{},"end":{}}]},"18":{"loc":{"start":{"line":110,"column":23},"end":{"line":110,"column":73}},"type":"binary-expr","locations":[{"start":{"line":110,"column":23},"end":{"line":110,"column":31}},{"start":{"line":110,"column":35},"end":{"line":110,"column":73}}]},"19":{"loc":{"start":{"line":117,"column":12},"end":{"line":129,"column":13}},"type":"if","locations":[{"start":{"line":117,"column":12},"end":{"line":129,"column":13}},{"start":{},"end":{}}]},"20":{"loc":{"start":{"line":132,"column":34},"end":{"line":132,"column":94}},"type":"cond-expr","locations":[{"start":{"line":132,"column":51},"end":{"line":132,"column":90}},{"start":{"line":132,"column":93},"end":{"line":132,"column":94}}]},"21":{"loc":{"start":{"line":155,"column":8},"end":{"line":157,"column":9}},"type":"if","locations":[{"start":{"line":155,"column":8},"end":{"line":157,"column":9}},{"start":{},"end":{}}]},"22":{"loc":{"start":{"line":160,"column":12},"end":{"line":160,"column":36}},"type":"binary-expr","locations":[{"start":{"line":160,"column":12},"end":{"line":160,"column":30}},{"start":{"line":160,"column":34},"end":{"line":160,"column":36}}]},"23":{"loc":{"start":{"line":161,"column":12},"end":{"line":161,"column":34}},"type":"binary-expr","locations":[{"start":{"line":161,"column":12},"end":{"line":161,"column":28}},{"start":{"line":161,"column":32},"end":{"line":161,"column":34}}]},"24":{"loc":{"start":{"line":173,"column":12},"end":{"line":175,"column":13}},"type":"if","locations":[{"start":{"line":173,"column":12},"end":{"line":175,"column":13}},{"start":{},"end":{}}]},"25":{"loc":{"start":{"line":180,"column":12},"end":{"line":182,"column":13}},"type":"if","locations":[{"start":{"line":180,"column":12},"end":{"line":182,"column":13}},{"start":{},"end":{}}]},"26":{"loc":{"start":{"line":184,"column":26},"end":{"line":184,"column":75}},"type":"binary-expr","locations":[{"start":{"line":184,"column":26},"end":{"line":184,"column":62}},{"start":{"line":184,"column":66},"end":{"line":184,"column":75}}]},"27":{"loc":{"start":{"line":187,"column":12},"end":{"line":193,"column":13}},"type":"if","locations":[{"start":{"line":187,"column":12},"end":{"line":193,"column":13}},{"start":{},"end":{}}]},"28":{"loc":{"start":{"line":195,"column":12},"end":{"line":203,"column":13}},"type":"if","locations":[{"start":{"line":195,"column":12},"end":{"line":203,"column":13}},{"start":{},"end":{}}]},"29":{"loc":{"start":{"line":220,"column":12},"end":{"line":220,"column":36}},"type":"binary-expr","locations":[{"start":{"line":220,"column":12},"end":{"line":220,"column":30}},{"start":{"line":220,"column":34},"end":{"line":220,"column":36}}]},"30":{"loc":{"start":{"line":221,"column":12},"end":{"line":221,"column":34}},"type":"binary-expr","locations":[{"start":{"line":221,"column":12},"end":{"line":221,"column":28}},{"start":{"line":221,"column":32},"end":{"line":221,"column":34}}]}},"s":{"0":1,"1":1,"2":1,"3":1,"4":1,"5":1,"6":0,"7":1,"8":1,"9":1,"10":3,"11":3,"12":3,"13":1,"14":2,"15":2,"16":10003,"17":2,"18":2,"19":52,"20":2,"21":2,"22":10003,"23":10003,"24":0,"25":10003,"26":10003,"27":10003,"28":9991,"29":9991,"30":9991,"31":10003,"32":12,"33":2,"34":10,"35":2,"36":2,"37":1,"38":1,"39":1,"40":0,"41":1,"42":1,"43":1,"44":1,"45":1,"46":1,"47":1,"48":1,"49":0,"50":0,"51":0,"52":1,"53":1,"54":1,"55":0,"56":1,"57":1,"58":1,"59":1,"60":1,"61":1,"62":1,"63":1,"64":0,"65":1,"66":1,"67":1,"68":1,"69":1,"70":1,"71":1,"72":1,"73":1,"74":1,"75":1,"76":1,"77":1,"78":0,"79":1,"80":1,"81":1,"82":0,"83":0,"84":0,"85":0,"86":0,"87":1,"88":1,"89":1,"90":0,"91":1,"92":1,"93":1,"94":1,"95":1},"f":{"0":1,"1":3,"2":10003,"3":52,"4":10,"5":1,"6":1,"7":1,"8":0,"9":1,"10":1,"11":1,"12":1,"13":0,"14":1},"b":{"0":[0,1],"1":[1,0],"2":[1,0],"3":[1,1],"4":[1,2],"5":[2,2],"6":[2,2],"7":[2,0],"8":[0,10003],"9":[9991,12],"10":[12,9991],"11":[2,0],"12":[0,1],"13":[1,1],"14":[1,1],"15":[1,1],"16":[1,0],"17":[0,1],"18":[0,0],"19":[0,1],"20":[1,0],"21":[0,1],"22":[1,1],"23":[1,1],"24":[1,0],"25":[0,1],"26":[1,0],"27":[0,1],"28":[1,0],"29":[1,0],"30":[1,1]}}
}
