TN:
SF:src\services\analytics-service.ts
FN:12,(anonymous_1)
FN:30,(anonymous_2)
FN:45,(anonymous_3)
FN:48,(anonymous_4)
FN:79,(anonymous_5)
FN:86,(anonymous_6)
FN:101,(anonymous_7)
FN:104,(anonymous_8)
FN:108,(anonymous_9)
FN:114,(anonymous_10)
FN:151,(anonymous_11)
FN:166,(anonymous_12)
FN:179,(anonymous_13)
FN:207,(anonymous_14)
FN:214,(anonymous_15)
FNF:15
FNH:13
FNDA:1,(anonymous_1)
FNDA:3,(anonymous_2)
FNDA:10003,(anonymous_3)
FNDA:52,(anonymous_4)
FNDA:10,(anonymous_5)
FNDA:1,(anonymous_6)
FNDA:1,(anonymous_7)
FNDA:1,(anonymous_8)
FNDA:0,(anonymous_9)
FNDA:1,(anonymous_10)
FNDA:1,(anonymous_11)
FNDA:1,(anonymous_12)
FNDA:1,(anonymous_13)
FNDA:0,(anonymous_14)
FNDA:1,(anonymous_15)
DA:1,1
DA:2,1
DA:3,1
DA:13,1
DA:15,1
DA:16,1
DA:17,0
DA:20,1
DA:26,1
DA:27,1
DA:31,3
DA:33,3
DA:34,3
DA:35,1
DA:38,2
DA:45,10003
DA:46,2
DA:48,52
DA:50,2
DA:52,2
DA:53,10003
DA:54,10003
DA:55,0
DA:58,10003
DA:59,10003
DA:61,10003
DA:62,9991
DA:63,9991
DA:64,9991
DA:67,10003
DA:68,12
DA:78,2
DA:79,10
DA:82,2
DA:83,2
DA:87,1
DA:89,1
DA:90,1
DA:91,0
DA:94,1
DA:101,1
DA:102,1
DA:104,1
DA:106,1
DA:107,1
DA:108,0
DA:109,0
DA:110,0
DA:114,1
DA:115,1
DA:117,1
DA:118,0
DA:131,1
DA:132,1
DA:134,1
DA:147,1
DA:148,1
DA:152,1
DA:154,1
DA:155,1
DA:156,0
DA:159,1
DA:166,1
DA:167,1
DA:169,1
DA:170,1
DA:172,1
DA:173,1
DA:174,1
DA:178,1
DA:179,1
DA:180,1
DA:181,0
DA:184,1
DA:185,1
DA:187,1
DA:188,0
DA:189,0
DA:190,0
DA:191,0
DA:192,0
DA:195,1
DA:196,1
DA:206,1
DA:207,0
DA:210,1
DA:211,1
DA:219,1
DA:224,1
DA:232,1
LF:90
LH:75
BRDA:16,0,0,0
BRDA:16,0,1,1
BRDA:21,1,0,1
BRDA:21,1,1,0
BRDA:22,2,0,1
BRDA:22,2,1,0
BRDA:23,3,0,1
BRDA:23,3,1,1
BRDA:34,4,0,1
BRDA:34,4,1,2
BRDA:39,5,0,2
BRDA:39,5,1,2
BRDA:40,6,0,2
BRDA:40,6,1,2
BRDA:42,7,0,2
BRDA:42,7,1,0
BRDA:54,8,0,0
BRDA:54,8,1,10003
BRDA:61,9,0,9991
BRDA:61,9,1,12
BRDA:67,10,0,12
BRDA:67,10,1,9991
BRDA:80,11,0,2
BRDA:80,11,1,0
BRDA:90,12,0,0
BRDA:90,12,1,1
BRDA:95,13,0,1
BRDA:95,13,1,1
BRDA:96,14,0,1
BRDA:96,14,1,1
BRDA:97,15,0,1
BRDA:97,15,1,1
BRDA:98,16,0,1
BRDA:98,16,1,0
BRDA:107,17,0,0
BRDA:107,17,1,1
BRDA:110,18,0,0
BRDA:110,18,1,0
BRDA:117,19,0,0
BRDA:117,19,1,1
BRDA:132,20,0,1
BRDA:132,20,1,0
BRDA:155,21,0,0
BRDA:155,21,1,1
BRDA:160,22,0,1
BRDA:160,22,1,1
BRDA:161,23,0,1
BRDA:161,23,1,1
BRDA:173,24,0,1
BRDA:173,24,1,0
BRDA:180,25,0,0
BRDA:180,25,1,1
BRDA:184,26,0,1
BRDA:184,26,1,0
BRDA:187,27,0,0
BRDA:187,27,1,1
BRDA:195,28,0,1
BRDA:195,28,1,0
BRDA:220,29,0,1
BRDA:220,29,1,0
BRDA:221,30,0,1
BRDA:221,30,1,1
BRF:62
BRH:42
end_of_record
