{"C:\\Users\\asus\\Downloads\\cinema-project-main\\cinema-project-main\\chatbot\\src\\services\\ChatService.ts": {"path":"C:\\Users\\asus\\Downloads\\cinema-project-main\\cinema-project-main\\chatbot\\src\\services\\ChatService.ts","statementMap":{"0":{"start":{"line":2,"column":0},"end":{"line":2,"column":27}},"1":{"start":{"line":3,"column":0},"end":{"line":3,"column":43}},"2":{"start":{"line":5,"column":0},"end":{"line":5,"column":69}},"3":{"start":{"line":6,"column":0},"end":{"line":6,"column":null}},"4":{"start":{"line":13,"column":0},"end":{"line":13,"column":105}},"5":{"start":{"line":33,"column":8},"end":{"line":33,"column":null}},"6":{"start":{"line":34,"column":8},"end":{"line":34,"column":null}},"7":{"start":{"line":35,"column":8},"end":{"line":35,"column":null}},"8":{"start":{"line":36,"column":8},"end":{"line":36,"column":null}},"9":{"start":{"line":37,"column":8},"end":{"line":37,"column":null}},"10":{"start":{"line":41,"column":8},"end":{"line":41,"column":null}},"11":{"start":{"line":45,"column":34},"end":{"line":45,"column":60}},"12":{"start":{"line":47,"column":29},"end":{"line":47,"column":65}},"13":{"start":{"line":48,"column":25},"end":{"line":48,"column":51}},"14":{"start":{"line":50,"column":29},"end":{"line":50,"column":84}},"15":{"start":{"line":51,"column":8},"end":{"line":56,"column":9}},"16":{"start":{"line":52,"column":12},"end":{"line":55,"column":null}},"17":{"start":{"line":58,"column":34},"end":{"line":58,"column":94}},"18":{"start":{"line":60,"column":33},"end":{"line":60,"column":87}},"19":{"start":{"line":62,"column":24},"end":{"line":62,"column":59}},"20":{"start":{"line":64,"column":23},"end":{"line":64,"column":76}},"21":{"start":{"line":65,"column":27},"end":{"line":70,"column":null}},"22":{"start":{"line":72,"column":8},"end":{"line":72,"column":null}},"23":{"start":{"line":74,"column":43},"end":{"line":78,"column":null}},"24":{"start":{"line":80,"column":8},"end":{"line":82,"column":null}},"25":{"start":{"line":81,"column":12},"end":{"line":81,"column":null}},"26":{"start":{"line":84,"column":8},"end":{"line":84,"column":null}},"27":{"start":{"line":88,"column":8},"end":{"line":90,"column":9}},"28":{"start":{"line":89,"column":12},"end":{"line":89,"column":null}},"29":{"start":{"line":92,"column":22},"end":{"line":92,"column":48}},"30":{"start":{"line":93,"column":8},"end":{"line":95,"column":null}},"31":{"start":{"line":94,"column":12},"end":{"line":94,"column":null}},"32":{"start":{"line":97,"column":8},"end":{"line":97,"column":null}},"33":{"start":{"line":101,"column":33},"end":{"line":101,"column":68}},"34":{"start":{"line":103,"column":27},"end":{"line":124,"column":null}},"35":{"start":{"line":126,"column":32},"end":{"line":134,"column":null}},"36":{"start":{"line":136,"column":23},"end":{"line":136,"column":51}},"37":{"start":{"line":138,"column":29},"end":{"line":151,"column":10}},"38":{"start":{"line":139,"column":23},"end":{"line":139,"column":50}},"39":{"start":{"line":141,"column":29},"end":{"line":148,"column":14}},"40":{"start":{"line":150,"column":12},"end":{"line":150,"column":null}},"41":{"start":{"line":153,"column":8},"end":{"line":155,"column":9}},"42":{"start":{"line":154,"column":12},"end":{"line":154,"column":null}},"43":{"start":{"line":157,"column":8},"end":{"line":159,"column":9}},"44":{"start":{"line":158,"column":12},"end":{"line":158,"column":null}},"45":{"start":{"line":161,"column":8},"end":{"line":161,"column":null}},"46":{"start":{"line":169,"column":8},"end":{"line":173,"column":9}},"47":{"start":{"line":170,"column":12},"end":{"line":170,"column":null}},"48":{"start":{"line":172,"column":12},"end":{"line":172,"column":null}},"49":{"start":{"line":177,"column":36},"end":{"line":184,"column":null}},"50":{"start":{"line":186,"column":30},"end":{"line":186,"column":52}},"51":{"start":{"line":187,"column":8},"end":{"line":192,"column":9}},"52":{"start":{"line":188,"column":12},"end":{"line":191,"column":13}},"53":{"start":{"line":189,"column":16},"end":{"line":189,"column":null}},"54":{"start":{"line":190,"column":16},"end":{"line":190,"column":null}},"55":{"start":{"line":194,"column":8},"end":{"line":197,"column":9}},"56":{"start":{"line":195,"column":12},"end":{"line":195,"column":null}},"57":{"start":{"line":196,"column":12},"end":{"line":196,"column":null}},"58":{"start":{"line":199,"column":8},"end":{"line":199,"column":null}},"59":{"start":{"line":204,"column":12},"end":{"line":204,"column":83}},"60":{"start":{"line":205,"column":8},"end":{"line":205,"column":null}},"61":{"start":{"line":15,"column":0},"end":{"line":15,"column":13}}},"fnMap":{"0":{"name":"(anonymous_1)","decl":{"start":{"line":22,"column":4},"end":{"line":22,"column":16}},"loc":{"start":{"line":32,"column":5},"end":{"line":38,"column":5}}},"1":{"name":"(anonymous_2)","decl":{"start":{"line":40,"column":12},"end":{"line":40,"column":24}},"loc":{"start":{"line":40,"column":41},"end":{"line":42,"column":5}}},"2":{"name":"(anonymous_3)","decl":{"start":{"line":44,"column":4},"end":{"line":44,"column":9}},"loc":{"start":{"line":44,"column":42},"end":{"line":85,"column":5}}},"3":{"name":"(anonymous_4)","decl":{"start":{"line":80,"column":81},"end":{"line":80,"column":82}},"loc":{"start":{"line":80,"column":89},"end":{"line":82,"column":9}}},"4":{"name":"(anonymous_5)","decl":{"start":{"line":87,"column":12},"end":{"line":87,"column":24}},"loc":{"start":{"line":87,"column":53},"end":{"line":98,"column":5}}},"5":{"name":"(anonymous_6)","decl":{"start":{"line":93,"column":26},"end":{"line":93,"column":27}},"loc":{"start":{"line":93,"column":41},"end":{"line":95,"column":9}}},"6":{"name":"(anonymous_7)","decl":{"start":{"line":100,"column":12},"end":{"line":100,"column":17}},"loc":{"start":{"line":100,"column":66},"end":{"line":162,"column":5}}},"7":{"name":"(anonymous_8)","decl":{"start":{"line":138,"column":68},"end":{"line":138,"column":73}},"loc":{"start":{"line":138,"column":85},"end":{"line":151,"column":9}}},"8":{"name":"(anonymous_9)","decl":{"start":{"line":164,"column":12},"end":{"line":164,"column":17}},"loc":{"start":{"line":167,"column":21},"end":{"line":174,"column":5}}},"9":{"name":"(anonymous_10)","decl":{"start":{"line":176,"column":12},"end":{"line":176,"column":28}},"loc":{"start":{"line":176,"column":45},"end":{"line":200,"column":5}}},"10":{"name":"(anonymous_11)","decl":{"start":{"line":202,"column":12},"end":{"line":202,"column":30}},"loc":{"start":{"line":202,"column":43},"end":{"line":206,"column":5}}}},"branchMap":{"0":{"loc":{"start":{"line":51,"column":8},"end":{"line":56,"column":9}},"type":"if","locations":[{"start":{"line":51,"column":8},"end":{"line":56,"column":9}}]},"1":{"loc":{"start":{"line":88,"column":8},"end":{"line":90,"column":9}},"type":"if","locations":[{"start":{"line":88,"column":8},"end":{"line":90,"column":9}}]},"2":{"loc":{"start":{"line":153,"column":8},"end":{"line":155,"column":9}},"type":"if","locations":[{"start":{"line":153,"column":8},"end":{"line":155,"column":9}}]},"3":{"loc":{"start":{"line":157,"column":8},"end":{"line":159,"column":9}},"type":"if","locations":[{"start":{"line":157,"column":8},"end":{"line":159,"column":9}}]},"4":{"loc":{"start":{"line":188,"column":12},"end":{"line":191,"column":13}},"type":"if","locations":[{"start":{"line":188,"column":12},"end":{"line":191,"column":13}}]},"5":{"loc":{"start":{"line":194,"column":8},"end":{"line":197,"column":9}},"type":"if","locations":[{"start":{"line":194,"column":8},"end":{"line":197,"column":9}}]},"6":{"loc":{"start":{"line":194,"column":12},"end":{"line":194,"column":69}},"type":"binary-expr","locations":[{"start":{"line":194,"column":12},"end":{"line":194,"column":46}},{"start":{"line":194,"column":50},"end":{"line":194,"column":69}}]}},"s":{"0":0,"1":0,"2":0,"3":0,"4":0,"5":0,"6":0,"7":0,"8":0,"9":0,"10":0,"11":0,"12":0,"13":0,"14":0,"15":0,"16":0,"17":0,"18":0,"19":0,"20":0,"21":0,"22":0,"23":0,"24":0,"25":0,"26":0,"27":0,"28":0,"29":0,"30":0,"31":0,"32":0,"33":0,"34":0,"35":0,"36":0,"37":0,"38":0,"39":0,"40":0,"41":0,"42":0,"43":0,"44":0,"45":0,"46":0,"47":0,"48":0,"49":0,"50":0,"51":0,"52":0,"53":0,"54":0,"55":0,"56":0,"57":0,"58":0,"59":0,"60":0,"61":0},"f":{"0":0,"1":0,"2":0,"3":0,"4":0,"5":0,"6":0,"7":0,"8":0,"9":0,"10":0},"b":{"0":[0],"1":[0],"2":[0],"3":[0],"4":[0],"5":[0],"6":[0,0]}}
,"C:\\Users\\asus\\Downloads\\cinema-project-main\\cinema-project-main\\chatbot\\src\\services\\DocumentService.ts": {"path":"C:\\Users\\asus\\Downloads\\cinema-project-main\\cinema-project-main\\chatbot\\src\\services\\DocumentService.ts","statementMap":{"0":{"start":{"line":2,"column":0},"end":{"line":2,"column":23}},"1":{"start":{"line":3,"column":0},"end":{"line":3,"column":35}},"2":{"start":{"line":4,"column":0},"end":{"line":4,"column":76}},"3":{"start":{"line":5,"column":0},"end":{"line":5,"column":73}},"4":{"start":{"line":7,"column":0},"end":{"line":7,"column":79}},"5":{"start":{"line":26,"column":8},"end":{"line":26,"column":null}},"6":{"start":{"line":27,"column":8},"end":{"line":27,"column":null}},"7":{"start":{"line":28,"column":8},"end":{"line":28,"column":null}},"8":{"start":{"line":29,"column":8},"end":{"line":29,"column":null}},"9":{"start":{"line":30,"column":8},"end":{"line":30,"column":null}},"10":{"start":{"line":34,"column":8},"end":{"line":34,"column":null}},"11":{"start":{"line":36,"column":24},"end":{"line":36,"column":66}},"12":{"start":{"line":38,"column":19},"end":{"line":38,"column":20}},"13":{"start":{"line":39,"column":8},"end":{"line":43,"column":9}},"14":{"start":{"line":40,"column":29},"end":{"line":40,"column":71}},"15":{"start":{"line":41,"column":12},"end":{"line":41,"column":null}},"16":{"start":{"line":45,"column":30},"end":{"line":53,"column":null}},"17":{"start":{"line":55,"column":8},"end":{"line":55,"column":null}},"18":{"start":{"line":57,"column":8},"end":{"line":62,"column":null}},"19":{"start":{"line":58,"column":12},"end":{"line":61,"column":null}},"20":{"start":{"line":64,"column":8},"end":{"line":64,"column":null}},"21":{"start":{"line":68,"column":36},"end":{"line":74,"column":null}},"22":{"start":{"line":76,"column":23},"end":{"line":76,"column":55}},"23":{"start":{"line":78,"column":43},"end":{"line":78,"column":45}},"24":{"start":{"line":80,"column":8},"end":{"line":100,"column":9}},"25":{"start":{"line":80,"column":21},"end":{"line":80,"column":22}},"26":{"start":{"line":81,"column":26},"end":{"line":81,"column":35}},"27":{"start":{"line":83,"column":12},"end":{"line":99,"column":13}},"28":{"start":{"line":84,"column":34},"end":{"line":84,"column":90}},"29":{"start":{"line":86,"column":16},"end":{"line":96,"column":null}},"30":{"start":{"line":98,"column":16},"end":{"line":98,"column":null}},"31":{"start":{"line":102,"column":8},"end":{"line":102,"column":null}},"32":{"start":{"line":104,"column":8},"end":{"line":105,"column":null}},"33":{"start":{"line":107,"column":8},"end":{"line":107,"column":null}},"34":{"start":{"line":111,"column":8},"end":{"line":111,"column":null}},"35":{"start":{"line":115,"column":8},"end":{"line":115,"column":null}},"36":{"start":{"line":119,"column":8},"end":{"line":119,"column":null}},"37":{"start":{"line":121,"column":8},"end":{"line":121,"column":null}},"38":{"start":{"line":123,"column":8},"end":{"line":124,"column":null}},"39":{"start":{"line":128,"column":8},"end":{"line":128,"column":null}},"40":{"start":{"line":10,"column":0},"end":{"line":10,"column":13}}},"fnMap":{"0":{"name":"(anonymous_1)","decl":{"start":{"line":17,"column":4},"end":{"line":17,"column":16}},"loc":{"start":{"line":25,"column":5},"end":{"line":31,"column":5}}},"1":{"name":"(anonymous_2)","decl":{"start":{"line":33,"column":4},"end":{"line":33,"column":9}},"loc":{"start":{"line":33,"column":57},"end":{"line":65,"column":5}}},"2":{"name":"(anonymous_3)","decl":{"start":{"line":57,"column":47},"end":{"line":57,"column":50}},"loc":{"start":{"line":57,"column":52},"end":{"line":62,"column":9}}},"3":{"name":"(anonymous_4)","decl":{"start":{"line":60,"column":23},"end":{"line":60,"column":26}},"loc":{"start":{"line":60,"column":28},"end":{"line":61,"column":17}}},"4":{"name":"(anonymous_5)","decl":{"start":{"line":67,"column":12},"end":{"line":67,"column":17}},"loc":{"start":{"line":67,"column":62},"end":{"line":108,"column":5}}},"5":{"name":"(anonymous_6)","decl":{"start":{"line":104,"column":75},"end":{"line":104,"column":78}},"loc":{"start":{"line":104,"column":80},"end":{"line":105,"column":9}}},"6":{"name":"(anonymous_7)","decl":{"start":{"line":110,"column":4},"end":{"line":110,"column":9}},"loc":{"start":{"line":110,"column":35},"end":{"line":112,"column":5}}},"7":{"name":"(anonymous_8)","decl":{"start":{"line":114,"column":4},"end":{"line":114,"column":9}},"loc":{"start":{"line":114,"column":53},"end":{"line":116,"column":5}}},"8":{"name":"(anonymous_9)","decl":{"start":{"line":118,"column":4},"end":{"line":118,"column":9}},"loc":{"start":{"line":118,"column":38},"end":{"line":125,"column":5}}},"9":{"name":"(anonymous_10)","decl":{"start":{"line":123,"column":75},"end":{"line":123,"column":78}},"loc":{"start":{"line":123,"column":80},"end":{"line":124,"column":9}}},"10":{"name":"(anonymous_11)","decl":{"start":{"line":127,"column":4},"end":{"line":127,"column":9}},"loc":{"start":{"line":127,"column":41},"end":{"line":129,"column":5}}}},"branchMap":{},"s":{"0":1,"1":1,"2":1,"3":1,"4":1,"5":5,"6":5,"7":5,"8":5,"9":5,"10":1,"11":1,"12":1,"13":1,"14":1,"15":1,"16":1,"17":1,"18":1,"19":0,"20":1,"21":1,"22":1,"23":1,"24":1,"25":1,"26":2,"27":2,"28":2,"29":2,"30":0,"31":1,"32":1,"33":1,"34":1,"35":1,"36":1,"37":1,"38":1,"39":1,"40":1},"f":{"0":5,"1":1,"2":0,"3":0,"4":1,"5":0,"6":1,"7":1,"8":1,"9":0,"10":1},"b":{}}
,"C:\\Users\\asus\\Downloads\\cinema-project-main\\cinema-project-main\\chatbot\\src\\services\\EmbeddingService.ts": {"path":"C:\\Users\\asus\\Downloads\\cinema-project-main\\cinema-project-main\\chatbot\\src\\services\\EmbeddingService.ts","statementMap":{"0":{"start":{"line":1,"column":0},"end":{"line":1,"column":43}},"1":{"start":{"line":3,"column":0},"end":{"line":3,"column":51}},"2":{"start":{"line":9,"column":8},"end":{"line":9,"column":null}},"3":{"start":{"line":13,"column":8},"end":{"line":31,"column":null}},"4":{"start":{"line":14,"column":23},"end":{"line":14,"column":50}},"5":{"start":{"line":16,"column":29},"end":{"line":19,"column":14}},"6":{"start":{"line":21,"column":12},"end":{"line":23,"column":13}},"7":{"start":{"line":22,"column":16},"end":{"line":22,"column":null}},"8":{"start":{"line":25,"column":27},"end":{"line":25,"column":56}},"9":{"start":{"line":26,"column":12},"end":{"line":28,"column":13}},"10":{"start":{"line":27,"column":16},"end":{"line":27,"column":null}},"11":{"start":{"line":30,"column":12},"end":{"line":30,"column":null}},"12":{"start":{"line":5,"column":0},"end":{"line":5,"column":13}}},"fnMap":{"0":{"name":"(anonymous_0)","decl":{"start":{"line":8,"column":4},"end":{"line":8,"column":16}},"loc":{"start":{"line":8,"column":58},"end":{"line":10,"column":5}}},"1":{"name":"(anonymous_1)","decl":{"start":{"line":12,"column":4},"end":{"line":12,"column":9}},"loc":{"start":{"line":12,"column":36},"end":{"line":32,"column":5}}},"2":{"name":"(anonymous_2)","decl":{"start":{"line":13,"column":48},"end":{"line":13,"column":53}},"loc":{"start":{"line":13,"column":65},"end":{"line":31,"column":9}}}},"branchMap":{"0":{"loc":{"start":{"line":21,"column":12},"end":{"line":23,"column":13}},"type":"if","locations":[{"start":{"line":21,"column":12},"end":{"line":23,"column":13}}]},"1":{"loc":{"start":{"line":21,"column":16},"end":{"line":21,"column":72}},"type":"binary-expr","locations":[{"start":{"line":21,"column":16},"end":{"line":21,"column":36}},{"start":{"line":21,"column":40},"end":{"line":21,"column":72}}]},"2":{"loc":{"start":{"line":26,"column":12},"end":{"line":28,"column":13}},"type":"if","locations":[{"start":{"line":26,"column":12},"end":{"line":28,"column":13}}]},"3":{"loc":{"start":{"line":26,"column":16},"end":{"line":26,"column":46}},"type":"binary-expr","locations":[{"start":{"line":26,"column":16},"end":{"line":26,"column":23}},{"start":{"line":26,"column":27},"end":{"line":26,"column":46}}]}},"s":{"0":0,"1":0,"2":0,"3":0,"4":0,"5":0,"6":0,"7":0,"8":0,"9":0,"10":0,"11":0,"12":0},"f":{"0":0,"1":0,"2":0},"b":{"0":[0],"1":[0,0],"2":[0],"3":[0,0]}}
,"C:\\Users\\asus\\Downloads\\cinema-project-main\\cinema-project-main\\chatbot\\src\\services\\index.ts": {"path":"C:\\Users\\asus\\Downloads\\cinema-project-main\\cinema-project-main\\chatbot\\src\\services\\index.ts","statementMap":{"0":{"start":{"line":1,"column":0},"end":{"line":1,"column":34}},"1":{"start":{"line":2,"column":0},"end":{"line":2,"column":33}},"2":{"start":{"line":3,"column":0},"end":{"line":3,"column":29}}},"fnMap":{},"branchMap":{},"s":{"0":0,"1":0,"2":0},"f":{},"b":{}}
}
