TN:
SF:src\services\ChatService.ts
FN:22,(anonymous_1)
FN:40,(anonymous_2)
FN:44,(anonymous_3)
FN:80,(anonymous_4)
FN:87,(anonymous_5)
FN:93,(anonymous_6)
FN:100,(anonymous_7)
FN:138,(anonymous_8)
FN:164,(anonymous_9)
FN:176,(anonymous_10)
FN:202,(anonymous_11)
FNF:11
FNH:0
FNDA:0,(anonymous_1)
FNDA:0,(anonymous_2)
FNDA:0,(anonymous_3)
FNDA:0,(anonymous_4)
FNDA:0,(anonymous_5)
FNDA:0,(anonymous_6)
FNDA:0,(anonymous_7)
FNDA:0,(anonymous_8)
FNDA:0,(anonymous_9)
FNDA:0,(anonymous_10)
FNDA:0,(anonymous_11)
DA:2,0
DA:3,0
DA:5,0
DA:6,0
DA:13,0
DA:15,0
DA:33,0
DA:34,0
DA:35,0
DA:36,0
DA:37,0
DA:41,0
DA:45,0
DA:47,0
DA:48,0
DA:50,0
DA:51,0
DA:52,0
DA:58,0
DA:60,0
DA:62,0
DA:64,0
DA:65,0
DA:72,0
DA:74,0
DA:80,0
DA:81,0
DA:84,0
DA:88,0
DA:89,0
DA:92,0
DA:93,0
DA:94,0
DA:97,0
DA:101,0
DA:103,0
DA:126,0
DA:136,0
DA:138,0
DA:139,0
DA:141,0
DA:150,0
DA:153,0
DA:154,0
DA:157,0
DA:158,0
DA:161,0
DA:169,0
DA:170,0
DA:172,0
DA:177,0
DA:186,0
DA:187,0
DA:188,0
DA:189,0
DA:190,0
DA:194,0
DA:195,0
DA:196,0
DA:199,0
DA:204,0
DA:205,0
LF:62
LH:0
BRDA:51,0,0,0
BRDA:88,1,0,0
BRDA:153,2,0,0
BRDA:157,3,0,0
BRDA:188,4,0,0
BRDA:194,5,0,0
BRDA:194,6,0,0
BRDA:194,6,1,0
BRF:8
BRH:0
end_of_record
TN:
SF:src\services\DocumentService.ts
FN:17,(anonymous_1)
FN:33,(anonymous_2)
FN:57,(anonymous_3)
FN:60,(anonymous_4)
FN:67,(anonymous_5)
FN:104,(anonymous_6)
FN:110,(anonymous_7)
FN:114,(anonymous_8)
FN:118,(anonymous_9)
FN:123,(anonymous_10)
FN:127,(anonymous_11)
FNF:11
FNH:7
FNDA:5,(anonymous_1)
FNDA:1,(anonymous_2)
FNDA:0,(anonymous_3)
FNDA:0,(anonymous_4)
FNDA:1,(anonymous_5)
FNDA:0,(anonymous_6)
FNDA:1,(anonymous_7)
FNDA:1,(anonymous_8)
FNDA:1,(anonymous_9)
FNDA:0,(anonymous_10)
FNDA:1,(anonymous_11)
DA:2,1
DA:3,1
DA:4,1
DA:5,1
DA:7,1
DA:10,1
DA:26,5
DA:27,5
DA:28,5
DA:29,5
DA:30,5
DA:34,1
DA:36,1
DA:38,1
DA:39,1
DA:40,1
DA:41,1
DA:45,1
DA:55,1
DA:57,1
DA:58,0
DA:64,1
DA:68,1
DA:76,1
DA:78,1
DA:80,1
DA:81,2
DA:83,2
DA:84,2
DA:86,2
DA:98,0
DA:102,1
DA:104,1
DA:107,1
DA:111,1
DA:115,1
DA:119,1
DA:121,1
DA:123,1
DA:128,1
LF:40
LH:38
BRF:0
BRH:0
end_of_record
TN:
SF:src\services\EmbeddingService.ts
FN:8,(anonymous_0)
FN:12,(anonymous_1)
FN:13,(anonymous_2)
FNF:3
FNH:0
FNDA:0,(anonymous_0)
FNDA:0,(anonymous_1)
FNDA:0,(anonymous_2)
DA:1,0
DA:3,0
DA:5,0
DA:9,0
DA:13,0
DA:14,0
DA:16,0
DA:21,0
DA:22,0
DA:25,0
DA:26,0
DA:27,0
DA:30,0
LF:13
LH:0
BRDA:21,0,0,0
BRDA:21,1,0,0
BRDA:21,1,1,0
BRDA:26,2,0,0
BRDA:26,3,0,0
BRDA:26,3,1,0
BRF:6
BRH:0
end_of_record
TN:
SF:src\services\index.ts
FNF:0
FNH:0
DA:1,0
DA:2,0
DA:3,0
LF:3
LH:0
BRF:0
BRH:0
end_of_record
